0 info it worked if it ends with ok
1 verbose cli [ '/usr/bin/node', '/usr/bin/npm', 'i', '-g', 'yo' ]
2 info using npm@1.4.28
3 info using node@v0.10.37
4 verbose node symlink /usr/bin/node
5 verbose cache add [ 'yo', null ]
6 verbose cache add name=undefined spec="yo" args=["yo",null]
7 verbose parsed url { protocol: null,
7 verbose parsed url   slashes: null,
7 verbose parsed url   auth: null,
7 verbose parsed url   host: null,
7 verbose parsed url   port: null,
7 verbose parsed url   hostname: null,
7 verbose parsed url   hash: null,
7 verbose parsed url   search: null,
7 verbose parsed url   query: null,
7 verbose parsed url   pathname: 'yo',
7 verbose parsed url   path: 'yo',
7 verbose parsed url   href: 'yo' }
8 silly lockFile c41975d1-yo yo
9 verbose lock yo /home/magdalena/.npm/c41975d1-yo.lock
10 silly lockFile c41975d1-yo yo
11 silly lockFile c41975d1-yo yo
12 verbose addNamed [ 'yo', '' ]
13 verbose addNamed [ null, '*' ]
14 silly lockFile d937c28e-yo yo@
15 verbose lock yo@ /home/magdalena/.npm/d937c28e-yo.lock
16 silly addNameRange { name: 'yo', range: '*', hasData: false }
17 verbose request where is /yo
18 verbose request registry https://registry.npmjs.org/
19 verbose request id 7412546c6f7ec254
20 verbose url raw /yo
21 verbose url resolving [ 'https://registry.npmjs.org/', './yo' ]
22 verbose url resolved https://registry.npmjs.org/yo
23 verbose request where is https://registry.npmjs.org/yo
24 info trying registry request attempt 1 at 14:27:43
25 http GET https://registry.npmjs.org/yo
26 http 200 https://registry.npmjs.org/yo
27 silly registry.get cb [ 200,
27 silly registry.get   { server: 'CouchDB/1.5.0 (Erlang OTP/R16B03)',
27 silly registry.get     etag: '"8YALA1QM3XKWDGO79CYG567CB"',
27 silly registry.get     'content-type': 'application/json',
27 silly registry.get     'cache-control': 'max-age=60',
27 silly registry.get     'content-length': '39283',
27 silly registry.get     'accept-ranges': 'bytes',
27 silly registry.get     date: 'Mon, 16 Nov 2015 13:27:43 GMT',
27 silly registry.get     via: '1.1 varnish',
27 silly registry.get     age: '45',
27 silly registry.get     connection: 'keep-alive',
27 silly registry.get     'x-served-by': 'cache-fra1244-FRA',
27 silly registry.get     'x-cache': 'HIT',
27 silly registry.get     'x-cache-hits': '1',
27 silly registry.get     'x-timer': 'S1447680463.394528,VS0,VE0',
27 silly registry.get     vary: 'Accept' } ]
28 silly addNameRange number 2 { name: 'yo', range: '*', hasData: true }
29 silly addNameRange versions [ 'yo',
29 silly addNameRange   [ '1.1.0',
29 silly addNameRange     '1.1.1',
29 silly addNameRange     '1.1.2',
29 silly addNameRange     '1.2.0',
29 silly addNameRange     '1.2.1',
29 silly addNameRange     '1.3.0',
29 silly addNameRange     '1.3.2',
29 silly addNameRange     '1.3.3',
29 silly addNameRange     '1.4.6',
29 silly addNameRange     '1.4.7',
29 silly addNameRange     '1.4.8',
29 silly addNameRange     '1.5.0' ] ]
30 verbose addNamed [ 'yo', '1.5.0' ]
31 verbose addNamed [ '1.5.0', '1.5.0' ]
32 silly lockFile 3270e9d6-yo-1-5-0 yo@1.5.0
33 verbose lock yo@1.5.0 /home/magdalena/.npm/3270e9d6-yo-1-5-0.lock
34 silly lockFile e5bca962-gistry-npmjs-org-yo-yo-1-5-0-tgz https://registry.npmjs.org/yo/-/yo-1.5.0.tgz
35 verbose lock https://registry.npmjs.org/yo/-/yo-1.5.0.tgz /home/magdalena/.npm/e5bca962-gistry-npmjs-org-yo-yo-1-5-0-tgz.lock
36 verbose addRemoteTarball [ 'https://registry.npmjs.org/yo/-/yo-1.5.0.tgz',
36 verbose addRemoteTarball   '633c17f20a6b2135fe3fcc694b29b8dac5e403f3' ]
37 info retry fetch attempt 1 at 14:27:43
38 verbose fetch to= /tmp/npm-4567-DPEKR2Cy/registry.npmjs.org/yo/-/yo-1.5.0.tgz
39 http GET https://registry.npmjs.org/yo/-/yo-1.5.0.tgz
40 http 200 https://registry.npmjs.org/yo/-/yo-1.5.0.tgz
41 silly lockFile e5bca962-gistry-npmjs-org-yo-yo-1-5-0-tgz https://registry.npmjs.org/yo/-/yo-1.5.0.tgz
42 silly lockFile e5bca962-gistry-npmjs-org-yo-yo-1-5-0-tgz https://registry.npmjs.org/yo/-/yo-1.5.0.tgz
43 silly lockFile 3270e9d6-yo-1-5-0 yo@1.5.0
44 silly lockFile 3270e9d6-yo-1-5-0 yo@1.5.0
45 silly lockFile d937c28e-yo yo@
46 silly lockFile d937c28e-yo yo@
47 silly resolved [ { name: 'yo',
47 silly resolved     version: '1.5.0',
47 silly resolved     description: 'CLI tool for running Yeoman generators',
47 silly resolved     license: 'BSD-2-Clause',
47 silly resolved     repository: { type: 'git', url: 'https://github.com/yeoman/yo' },
47 silly resolved     author: { name: 'Yeoman' },
47 silly resolved     bin: { yo: 'lib/cli.js' },
47 silly resolved     engines: { node: '>=0.12.0' },
47 silly resolved     scripts:
47 silly resolved      { test: 'xo && mocha test/**/*.js',
47 silly resolved        postinstall: 'yodoctor',
47 silly resolved        postupdate: 'yodoctor',
47 silly resolved        prepublish: 'nsp audit-package' },
47 silly resolved     files: [ 'lib' ],
47 silly resolved     keywords:
47 silly resolved      [ 'cli-app',
47 silly resolved        'cli',
47 silly resolved        'front-end',
47 silly resolved        'development',
47 silly resolved        'dev',
47 silly resolved        'build',
47 silly resolved        'web',
47 silly resolved        'tool',
47 silly resolved        'scaffold',
47 silly resolved        'stack',
47 silly resolved        'yeoman',
47 silly resolved        'generator',
47 silly resolved        'generate',
47 silly resolved        'app',
47 silly resolved        'boilerplate' ],
47 silly resolved     dependencies:
47 silly resolved      { async: '^1.0.0',
47 silly resolved        chalk: '^1.0.0',
47 silly resolved        configstore: '^1.0.0',
47 silly resolved        'cross-spawn-async': '^2.0.0',
47 silly resolved        figures: '^1.3.5',
47 silly resolved        fullname: '^2.0.0',
47 silly resolved        got: '^5.0.0',
47 silly resolved        'humanize-string': '^1.0.0',
47 silly resolved        inquirer: '^0.11.0',
47 silly resolved        insight: '^0.7.0',
47 silly resolved        lodash: '^3.2.0',
47 silly resolved        meow: '^3.0.0',
47 silly resolved        'npm-keyword': '^4.1.0',
47 silly resolved        opn: '^3.0.2',
47 silly resolved        'package-json': '^2.1.0',
47 silly resolved        'read-pkg-up': '^1.0.1',
47 silly resolved        repeating: '^2.0.0',
47 silly resolved        'root-check': '^1.0.0',
47 silly resolved        'sort-on': '^1.0.0',
47 silly resolved        'string-length': '^1.0.0',
47 silly resolved        titleize: '^1.0.0',
47 silly resolved        'update-notifier': '^0.5.0',
47 silly resolved        'user-home': '^2.0.0',
47 silly resolved        'yeoman-character': '^1.0.0',
47 silly resolved        'yeoman-doctor': '^2.0.0',
47 silly resolved        'yeoman-environment': '^1.2.7',
47 silly resolved        yosay: '^1.0.0' },
47 silly resolved     devDependencies:
47 silly resolved      { mocha: '^2.1.0',
47 silly resolved        mockery: '^1.4.0',
47 silly resolved        nock: '^2.0.1',
47 silly resolved        nsp: '*',
47 silly resolved        proxyquire: '^1.0.1',
47 silly resolved        'registry-url': '^3.0.0',
47 silly resolved        sinon: '^1.12.1',
47 silly resolved        xo: '*' },
47 silly resolved     xo: { space: true, envs: [Object] },
47 silly resolved     gitHead: 'e977cd25269a1e0713364671c5b81810e9777b03',
47 silly resolved     bugs: { url: 'https://github.com/yeoman/yo/issues' },
47 silly resolved     homepage: 'https://github.com/yeoman/yo',
47 silly resolved     _id: 'yo@1.5.0',
47 silly resolved     _shasum: '633c17f20a6b2135fe3fcc694b29b8dac5e403f3',
47 silly resolved     _from: 'yo@',
47 silly resolved     _npmVersion: '2.14.7',
47 silly resolved     _nodeVersion: '4.2.1',
47 silly resolved     _npmUser: { name: 'sindresorhus', email: 'sindresorhus@gmail.com' },
47 silly resolved     dist:
47 silly resolved      { shasum: '633c17f20a6b2135fe3fcc694b29b8dac5e403f3',
47 silly resolved        tarball: 'http://registry.npmjs.org/yo/-/yo-1.5.0.tgz' },
47 silly resolved     maintainers:
47 silly resolved      [ [Object],
47 silly resolved        [Object],
47 silly resolved        [Object],
47 silly resolved        [Object],
47 silly resolved        [Object],
47 silly resolved        [Object],
47 silly resolved        [Object] ],
47 silly resolved     directories: {},
47 silly resolved     _resolved: 'https://registry.npmjs.org/yo/-/yo-1.5.0.tgz' } ]
48 info install yo@1.5.0 into /usr/lib
49 info installOne yo@1.5.0
50 warn engine yo@1.5.0: wanted: {"node":">=0.12.0"} (current: {"node":"0.10.37","npm":"1.4.28"})
51 verbose lib/node_modules/yo unbuild
52 verbose tar unpack /home/magdalena/.npm/yo/1.5.0/package.tgz
53 silly lockFile 7bedd6dc-tar-usr-lib-node-modules-yo tar:///usr/lib/node_modules/yo
54 verbose lock tar:///usr/lib/node_modules/yo /home/magdalena/.npm/7bedd6dc-tar-usr-lib-node-modules-yo.lock
55 silly lockFile 7e69b97d-gdalena-npm-yo-1-5-0-package-tgz tar:///home/magdalena/.npm/yo/1.5.0/package.tgz
56 verbose lock tar:///home/magdalena/.npm/yo/1.5.0/package.tgz /home/magdalena/.npm/7e69b97d-gdalena-npm-yo-1-5-0-package-tgz.lock
57 silly gunzTarPerm modes [ '775', '664' ]
58 error Error: EACCES, mkdir '/usr/lib/node_modules/yo'
58 error  { [Error: EACCES, mkdir '/usr/lib/node_modules/yo']
58 error   errno: 3,
58 error   code: 'EACCES',
58 error   path: '/usr/lib/node_modules/yo',
58 error   fstream_type: 'Directory',
58 error   fstream_path: '/usr/lib/node_modules/yo',
58 error   fstream_class: 'DirWriter',
58 error   fstream_stack:
58 error    [ '/usr/lib/node_modules/npm/node_modules/fstream/lib/dir-writer.js:36:23',
58 error      '/usr/lib/node_modules/npm/node_modules/mkdirp/index.js:46:53',
58 error      'Object.oncomplete (fs.js:108:15)' ] }
59 error Please try running this command again as root/Administrator.
60 error System Linux 3.13.0-68-generic
61 error command "/usr/bin/node" "/usr/bin/npm" "i" "-g" "yo"
62 error cwd /var/www/html/delivery-frontend
63 error node -v v0.10.37
64 error npm -v 1.4.28
65 error path /usr/lib/node_modules/yo
66 error fstream_path /usr/lib/node_modules/yo
67 error fstream_type Directory
68 error fstream_class DirWriter
69 error code EACCES
70 error errno 3
71 error stack Error: EACCES, mkdir '/usr/lib/node_modules/yo'
72 error fstream_stack /usr/lib/node_modules/npm/node_modules/fstream/lib/dir-writer.js:36:23
72 error fstream_stack /usr/lib/node_modules/npm/node_modules/mkdirp/index.js:46:53
72 error fstream_stack Object.oncomplete (fs.js:108:15)
73 verbose exit [ 3, true ]
